[2023-04-29T15:35:15.984-0300] {taskinstance.py:1084} INFO - Dependencies all met for dep_context=non-requeueable deps ti=<TaskInstance: climate_dag.mkdir scheduled__2023-03-20T00:00:00+00:00 [queued]>
[2023-04-29T15:35:15.989-0300] {taskinstance.py:1084} INFO - Dependencies all met for dep_context=requeueable deps ti=<TaskInstance: climate_dag.mkdir scheduled__2023-03-20T00:00:00+00:00 [queued]>
[2023-04-29T15:35:15.989-0300] {taskinstance.py:1282} INFO - 
--------------------------------------------------------------------------------
[2023-04-29T15:35:15.989-0300] {taskinstance.py:1283} INFO - Starting attempt 1 of 1
[2023-04-29T15:35:15.989-0300] {taskinstance.py:1284} INFO - 
--------------------------------------------------------------------------------
[2023-04-29T15:35:15.998-0300] {taskinstance.py:1303} INFO - Executing <Task(BashOperator): mkdir> on 2023-03-20 00:00:00+00:00
[2023-04-29T15:35:16.000-0300] {standard_task_runner.py:55} INFO - Started process 20678 to run task
[2023-04-29T15:35:16.003-0300] {standard_task_runner.py:82} INFO - Running: ['airflow', 'tasks', 'run', 'climate_dag', 'mkdir', 'scheduled__2023-03-20T00:00:00+00:00', '--job-id', '69', '--raw', '--subdir', 'DAGS_FOLDER/climate_data.py', '--cfg-path', '/tmp/tmpi1np_hxa']
[2023-04-29T15:35:16.004-0300] {standard_task_runner.py:83} INFO - Job 69: Subtask mkdir
[2023-04-29T15:35:16.035-0300] {task_command.py:388} INFO - Running <TaskInstance: climate_dag.mkdir scheduled__2023-03-20T00:00:00+00:00 [running]> on host nicholas10-ThinkPad-E14-Gen-3
[2023-04-29T15:35:16.069-0300] {taskinstance.py:1509} INFO - Exporting the following env vars:
AIRFLOW_CTX_DAG_OWNER=airflow
AIRFLOW_CTX_DAG_ID=climate_dag
AIRFLOW_CTX_TASK_ID=mkdir
AIRFLOW_CTX_EXECUTION_DATE=2023-03-20T00:00:00+00:00
AIRFLOW_CTX_TRY_NUMBER=1
AIRFLOW_CTX_DAG_RUN_ID=scheduled__2023-03-20T00:00:00+00:00
[2023-04-29T15:35:16.069-0300] {subprocess.py:63} INFO - Tmp dir root location: 
 /tmp
[2023-04-29T15:35:16.070-0300] {subprocess.py:75} INFO - Running command: ['/usr/bin/bash', '-c', 'mkdir -p "/home/nicholas10/airflow/week=2023-03-27"']
[2023-04-29T15:35:16.077-0300] {subprocess.py:86} INFO - Output:
[2023-04-29T15:35:16.079-0300] {subprocess.py:97} INFO - Command exited with return code 0
[2023-04-29T15:35:16.089-0300] {taskinstance.py:1321} INFO - Marking task as SUCCESS. dag_id=climate_dag, task_id=mkdir, execution_date=20230320T000000, start_date=20230429T183515, end_date=20230429T183516
[2023-04-29T15:35:16.135-0300] {local_task_job.py:212} INFO - Task exited with return code 0
[2023-04-29T15:35:16.148-0300] {taskinstance.py:2585} INFO - 1 downstream tasks scheduled from follow-on schedule check
