[2023-04-29T14:05:24.177-0300] {taskinstance.py:1084} INFO - Dependencies all met for dep_context=non-requeueable deps ti=<TaskInstance: my_first_dag.mkdir scheduled__2023-04-28T00:00:00+00:00 [queued]>
[2023-04-29T14:05:24.182-0300] {taskinstance.py:1084} INFO - Dependencies all met for dep_context=requeueable deps ti=<TaskInstance: my_first_dag.mkdir scheduled__2023-04-28T00:00:00+00:00 [queued]>
[2023-04-29T14:05:24.182-0300] {taskinstance.py:1282} INFO - 
--------------------------------------------------------------------------------
[2023-04-29T14:05:24.182-0300] {taskinstance.py:1283} INFO - Starting attempt 1 of 1
[2023-04-29T14:05:24.182-0300] {taskinstance.py:1284} INFO - 
--------------------------------------------------------------------------------
[2023-04-29T14:05:24.192-0300] {taskinstance.py:1303} INFO - Executing <Task(BashOperator): mkdir> on 2023-04-28 00:00:00+00:00
[2023-04-29T14:05:24.194-0300] {standard_task_runner.py:55} INFO - Started process 11237 to run task
[2023-04-29T14:05:24.197-0300] {standard_task_runner.py:82} INFO - Running: ['airflow', 'tasks', 'run', 'my_first_dag', 'mkdir', 'scheduled__2023-04-28T00:00:00+00:00', '--job-id', '7', '--raw', '--subdir', 'DAGS_FOLDER/my_first_dag.py', '--cfg-path', '/tmp/tmphevk1xoi']
[2023-04-29T14:05:24.198-0300] {standard_task_runner.py:83} INFO - Job 7: Subtask mkdir
[2023-04-29T14:05:24.236-0300] {task_command.py:388} INFO - Running <TaskInstance: my_first_dag.mkdir scheduled__2023-04-28T00:00:00+00:00 [running]> on host nicholas10-ThinkPad-E14-Gen-3
[2023-04-29T14:05:24.268-0300] {taskinstance.py:1509} INFO - Exporting the following env vars:
AIRFLOW_CTX_DAG_OWNER=airflow
AIRFLOW_CTX_DAG_ID=my_first_dag
AIRFLOW_CTX_TASK_ID=mkdir
AIRFLOW_CTX_EXECUTION_DATE=2023-04-28T00:00:00+00:00
AIRFLOW_CTX_TRY_NUMBER=1
AIRFLOW_CTX_DAG_RUN_ID=scheduled__2023-04-28T00:00:00+00:00
[2023-04-29T14:05:24.269-0300] {subprocess.py:63} INFO - Tmp dir root location: 
 /tmp
[2023-04-29T14:05:24.269-0300] {subprocess.py:75} INFO - Running command: ['/usr/bin/bash', '-c', 'mkdir -p "/home/nicholas10/airflow/test_dir"']
[2023-04-29T14:05:24.279-0300] {subprocess.py:86} INFO - Output:
[2023-04-29T14:05:24.283-0300] {subprocess.py:97} INFO - Command exited with return code 0
[2023-04-29T14:05:24.294-0300] {taskinstance.py:1321} INFO - Marking task as SUCCESS. dag_id=my_first_dag, task_id=mkdir, execution_date=20230428T000000, start_date=20230429T170524, end_date=20230429T170524
[2023-04-29T14:05:24.329-0300] {local_task_job.py:212} INFO - Task exited with return code 0
[2023-04-29T14:05:24.337-0300] {taskinstance.py:2585} INFO - 0 downstream tasks scheduled from follow-on schedule check
