[2023-04-29T15:33:00.650-0300] {taskinstance.py:1084} INFO - Dependencies all met for dep_context=non-requeueable deps ti=<TaskInstance: climate_dag.mkdir scheduled__2022-08-29T00:00:00+00:00 [queued]>
[2023-04-29T15:33:00.655-0300] {taskinstance.py:1084} INFO - Dependencies all met for dep_context=requeueable deps ti=<TaskInstance: climate_dag.mkdir scheduled__2022-08-29T00:00:00+00:00 [queued]>
[2023-04-29T15:33:00.656-0300] {taskinstance.py:1282} INFO - 
--------------------------------------------------------------------------------
[2023-04-29T15:33:00.656-0300] {taskinstance.py:1283} INFO - Starting attempt 1 of 1
[2023-04-29T15:33:00.656-0300] {taskinstance.py:1284} INFO - 
--------------------------------------------------------------------------------
[2023-04-29T15:33:00.664-0300] {taskinstance.py:1303} INFO - Executing <Task(BashOperator): mkdir> on 2022-08-29 00:00:00+00:00
[2023-04-29T15:33:00.667-0300] {standard_task_runner.py:55} INFO - Started process 20005 to run task
[2023-04-29T15:33:00.671-0300] {standard_task_runner.py:82} INFO - Running: ['airflow', 'tasks', 'run', 'climate_dag', 'mkdir', 'scheduled__2022-08-29T00:00:00+00:00', '--job-id', '10', '--raw', '--subdir', 'DAGS_FOLDER/climate_data.py', '--cfg-path', '/tmp/tmpi8w9oud0']
[2023-04-29T15:33:00.672-0300] {standard_task_runner.py:83} INFO - Job 10: Subtask mkdir
[2023-04-29T15:33:00.703-0300] {task_command.py:388} INFO - Running <TaskInstance: climate_dag.mkdir scheduled__2022-08-29T00:00:00+00:00 [running]> on host nicholas10-ThinkPad-E14-Gen-3
[2023-04-29T15:33:00.737-0300] {taskinstance.py:1509} INFO - Exporting the following env vars:
AIRFLOW_CTX_DAG_OWNER=airflow
AIRFLOW_CTX_DAG_ID=climate_dag
AIRFLOW_CTX_TASK_ID=mkdir
AIRFLOW_CTX_EXECUTION_DATE=2022-08-29T00:00:00+00:00
AIRFLOW_CTX_TRY_NUMBER=1
AIRFLOW_CTX_DAG_RUN_ID=scheduled__2022-08-29T00:00:00+00:00
[2023-04-29T15:33:00.738-0300] {subprocess.py:63} INFO - Tmp dir root location: 
 /tmp
[2023-04-29T15:33:00.738-0300] {subprocess.py:75} INFO - Running command: ['/usr/bin/bash', '-c', 'mkdir -p "/home/nicholas10/airflow/week=2022-09-05"']
[2023-04-29T15:33:00.745-0300] {subprocess.py:86} INFO - Output:
[2023-04-29T15:33:00.747-0300] {subprocess.py:97} INFO - Command exited with return code 0
[2023-04-29T15:33:00.759-0300] {taskinstance.py:1321} INFO - Marking task as SUCCESS. dag_id=climate_dag, task_id=mkdir, execution_date=20220829T000000, start_date=20230429T183300, end_date=20230429T183300
[2023-04-29T15:33:00.802-0300] {local_task_job.py:212} INFO - Task exited with return code 0
[2023-04-29T15:33:00.812-0300] {taskinstance.py:2585} INFO - 1 downstream tasks scheduled from follow-on schedule check
