[2023-04-29T15:35:02.214-0300] {taskinstance.py:1084} INFO - Dependencies all met for dep_context=non-requeueable deps ti=<TaskInstance: climate_dag.mkdir scheduled__2023-02-27T00:00:00+00:00 [queued]>
[2023-04-29T15:35:02.219-0300] {taskinstance.py:1084} INFO - Dependencies all met for dep_context=requeueable deps ti=<TaskInstance: climate_dag.mkdir scheduled__2023-02-27T00:00:00+00:00 [queued]>
[2023-04-29T15:35:02.220-0300] {taskinstance.py:1282} INFO - 
--------------------------------------------------------------------------------
[2023-04-29T15:35:02.220-0300] {taskinstance.py:1283} INFO - Starting attempt 1 of 1
[2023-04-29T15:35:02.220-0300] {taskinstance.py:1284} INFO - 
--------------------------------------------------------------------------------
[2023-04-29T15:35:02.229-0300] {taskinstance.py:1303} INFO - Executing <Task(BashOperator): mkdir> on 2023-02-27 00:00:00+00:00
[2023-04-29T15:35:02.232-0300] {standard_task_runner.py:55} INFO - Started process 20609 to run task
[2023-04-29T15:35:02.235-0300] {standard_task_runner.py:82} INFO - Running: ['airflow', 'tasks', 'run', 'climate_dag', 'mkdir', 'scheduled__2023-02-27T00:00:00+00:00', '--job-id', '63', '--raw', '--subdir', 'DAGS_FOLDER/climate_data.py', '--cfg-path', '/tmp/tmpx3njmwyi']
[2023-04-29T15:35:02.236-0300] {standard_task_runner.py:83} INFO - Job 63: Subtask mkdir
[2023-04-29T15:35:02.267-0300] {task_command.py:388} INFO - Running <TaskInstance: climate_dag.mkdir scheduled__2023-02-27T00:00:00+00:00 [running]> on host nicholas10-ThinkPad-E14-Gen-3
[2023-04-29T15:35:02.302-0300] {taskinstance.py:1509} INFO - Exporting the following env vars:
AIRFLOW_CTX_DAG_OWNER=airflow
AIRFLOW_CTX_DAG_ID=climate_dag
AIRFLOW_CTX_TASK_ID=mkdir
AIRFLOW_CTX_EXECUTION_DATE=2023-02-27T00:00:00+00:00
AIRFLOW_CTX_TRY_NUMBER=1
AIRFLOW_CTX_DAG_RUN_ID=scheduled__2023-02-27T00:00:00+00:00
[2023-04-29T15:35:02.304-0300] {subprocess.py:63} INFO - Tmp dir root location: 
 /tmp
[2023-04-29T15:35:02.304-0300] {subprocess.py:75} INFO - Running command: ['/usr/bin/bash', '-c', 'mkdir -p "/home/nicholas10/airflow/week=2023-03-06"']
[2023-04-29T15:35:02.313-0300] {subprocess.py:86} INFO - Output:
[2023-04-29T15:35:02.314-0300] {subprocess.py:97} INFO - Command exited with return code 0
[2023-04-29T15:35:02.327-0300] {taskinstance.py:1321} INFO - Marking task as SUCCESS. dag_id=climate_dag, task_id=mkdir, execution_date=20230227T000000, start_date=20230429T183502, end_date=20230429T183502
[2023-04-29T15:35:02.367-0300] {local_task_job.py:212} INFO - Task exited with return code 0
[2023-04-29T15:35:02.379-0300] {taskinstance.py:2585} INFO - 1 downstream tasks scheduled from follow-on schedule check
