[2023-04-29T15:35:30.030-0300] {taskinstance.py:1084} INFO - Dependencies all met for dep_context=non-requeueable deps ti=<TaskInstance: climate_dag.mkdir scheduled__2023-04-10T00:00:00+00:00 [queued]>
[2023-04-29T15:35:30.035-0300] {taskinstance.py:1084} INFO - Dependencies all met for dep_context=requeueable deps ti=<TaskInstance: climate_dag.mkdir scheduled__2023-04-10T00:00:00+00:00 [queued]>
[2023-04-29T15:35:30.035-0300] {taskinstance.py:1282} INFO - 
--------------------------------------------------------------------------------
[2023-04-29T15:35:30.035-0300] {taskinstance.py:1283} INFO - Starting attempt 1 of 1
[2023-04-29T15:35:30.035-0300] {taskinstance.py:1284} INFO - 
--------------------------------------------------------------------------------
[2023-04-29T15:35:30.045-0300] {taskinstance.py:1303} INFO - Executing <Task(BashOperator): mkdir> on 2023-04-10 00:00:00+00:00
[2023-04-29T15:35:30.048-0300] {standard_task_runner.py:55} INFO - Started process 20745 to run task
[2023-04-29T15:35:30.050-0300] {standard_task_runner.py:82} INFO - Running: ['airflow', 'tasks', 'run', 'climate_dag', 'mkdir', 'scheduled__2023-04-10T00:00:00+00:00', '--job-id', '75', '--raw', '--subdir', 'DAGS_FOLDER/climate_data.py', '--cfg-path', '/tmp/tmprc5_6jzf']
[2023-04-29T15:35:30.051-0300] {standard_task_runner.py:83} INFO - Job 75: Subtask mkdir
[2023-04-29T15:35:30.082-0300] {task_command.py:388} INFO - Running <TaskInstance: climate_dag.mkdir scheduled__2023-04-10T00:00:00+00:00 [running]> on host nicholas10-ThinkPad-E14-Gen-3
[2023-04-29T15:35:30.117-0300] {taskinstance.py:1509} INFO - Exporting the following env vars:
AIRFLOW_CTX_DAG_OWNER=airflow
AIRFLOW_CTX_DAG_ID=climate_dag
AIRFLOW_CTX_TASK_ID=mkdir
AIRFLOW_CTX_EXECUTION_DATE=2023-04-10T00:00:00+00:00
AIRFLOW_CTX_TRY_NUMBER=1
AIRFLOW_CTX_DAG_RUN_ID=scheduled__2023-04-10T00:00:00+00:00
[2023-04-29T15:35:30.118-0300] {subprocess.py:63} INFO - Tmp dir root location: 
 /tmp
[2023-04-29T15:35:30.118-0300] {subprocess.py:75} INFO - Running command: ['/usr/bin/bash', '-c', 'mkdir -p "/home/nicholas10/airflow/week=2023-04-17"']
[2023-04-29T15:35:30.127-0300] {subprocess.py:86} INFO - Output:
[2023-04-29T15:35:30.129-0300] {subprocess.py:97} INFO - Command exited with return code 0
[2023-04-29T15:35:30.142-0300] {taskinstance.py:1321} INFO - Marking task as SUCCESS. dag_id=climate_dag, task_id=mkdir, execution_date=20230410T000000, start_date=20230429T183530, end_date=20230429T183530
[2023-04-29T15:35:30.182-0300] {local_task_job.py:212} INFO - Task exited with return code 0
[2023-04-29T15:35:30.196-0300] {taskinstance.py:2585} INFO - 1 downstream tasks scheduled from follow-on schedule check
[2023-04-29T15:39:29.896-0300] {taskinstance.py:1084} INFO - Dependencies all met for dep_context=non-requeueable deps ti=<TaskInstance: climate_dag.mkdir scheduled__2023-04-10T00:00:00+00:00 [queued]>
[2023-04-29T15:39:29.902-0300] {taskinstance.py:1084} INFO - Dependencies all met for dep_context=requeueable deps ti=<TaskInstance: climate_dag.mkdir scheduled__2023-04-10T00:00:00+00:00 [queued]>
[2023-04-29T15:39:29.902-0300] {taskinstance.py:1282} INFO - 
--------------------------------------------------------------------------------
[2023-04-29T15:39:29.902-0300] {taskinstance.py:1283} INFO - Starting attempt 1 of 1
[2023-04-29T15:39:29.902-0300] {taskinstance.py:1284} INFO - 
--------------------------------------------------------------------------------
[2023-04-29T15:39:29.910-0300] {taskinstance.py:1303} INFO - Executing <Task(BashOperator): mkdir> on 2023-04-10 00:00:00+00:00
[2023-04-29T15:39:29.913-0300] {standard_task_runner.py:55} INFO - Started process 21276 to run task
[2023-04-29T15:39:29.917-0300] {standard_task_runner.py:82} INFO - Running: ['airflow', 'tasks', 'run', 'climate_dag', 'mkdir', 'scheduled__2023-04-10T00:00:00+00:00', '--job-id', '12', '--raw', '--subdir', 'DAGS_FOLDER/climate_data.py', '--cfg-path', '/tmp/tmpzbsr8h8c']
[2023-04-29T15:39:29.918-0300] {standard_task_runner.py:83} INFO - Job 12: Subtask mkdir
[2023-04-29T15:39:29.947-0300] {task_command.py:388} INFO - Running <TaskInstance: climate_dag.mkdir scheduled__2023-04-10T00:00:00+00:00 [running]> on host nicholas10-ThinkPad-E14-Gen-3
[2023-04-29T15:39:29.981-0300] {taskinstance.py:1509} INFO - Exporting the following env vars:
AIRFLOW_CTX_DAG_OWNER=airflow
AIRFLOW_CTX_DAG_ID=climate_dag
AIRFLOW_CTX_TASK_ID=mkdir
AIRFLOW_CTX_EXECUTION_DATE=2023-04-10T00:00:00+00:00
AIRFLOW_CTX_TRY_NUMBER=1
AIRFLOW_CTX_DAG_RUN_ID=scheduled__2023-04-10T00:00:00+00:00
[2023-04-29T15:39:29.982-0300] {subprocess.py:63} INFO - Tmp dir root location: 
 /tmp
[2023-04-29T15:39:29.983-0300] {subprocess.py:75} INFO - Running command: ['/usr/bin/bash', '-c', 'mkdir -p "/home/nicholas10/airflow/week=2023-04-17"']
[2023-04-29T15:39:29.991-0300] {subprocess.py:86} INFO - Output:
[2023-04-29T15:39:29.992-0300] {subprocess.py:97} INFO - Command exited with return code 0
[2023-04-29T15:39:30.004-0300] {taskinstance.py:1321} INFO - Marking task as SUCCESS. dag_id=climate_dag, task_id=mkdir, execution_date=20230410T000000, start_date=20230429T183929, end_date=20230429T183930
[2023-04-29T15:39:30.049-0300] {local_task_job.py:212} INFO - Task exited with return code 0
[2023-04-29T15:39:30.060-0300] {taskinstance.py:2585} INFO - 1 downstream tasks scheduled from follow-on schedule check
[2023-04-29T15:45:14.104-0300] {taskinstance.py:1084} INFO - Dependencies all met for dep_context=non-requeueable deps ti=<TaskInstance: climate_dag.mkdir scheduled__2023-04-10T00:00:00+00:00 [queued]>
[2023-04-29T15:45:14.109-0300] {taskinstance.py:1084} INFO - Dependencies all met for dep_context=requeueable deps ti=<TaskInstance: climate_dag.mkdir scheduled__2023-04-10T00:00:00+00:00 [queued]>
[2023-04-29T15:45:14.109-0300] {taskinstance.py:1282} INFO - 
--------------------------------------------------------------------------------
[2023-04-29T15:45:14.109-0300] {taskinstance.py:1283} INFO - Starting attempt 1 of 1
[2023-04-29T15:45:14.109-0300] {taskinstance.py:1284} INFO - 
--------------------------------------------------------------------------------
[2023-04-29T15:45:14.119-0300] {taskinstance.py:1303} INFO - Executing <Task(BashOperator): mkdir> on 2023-04-10 00:00:00+00:00
[2023-04-29T15:45:14.122-0300] {standard_task_runner.py:55} INFO - Started process 21834 to run task
[2023-04-29T15:45:14.125-0300] {standard_task_runner.py:82} INFO - Running: ['airflow', 'tasks', 'run', 'climate_dag', 'mkdir', 'scheduled__2023-04-10T00:00:00+00:00', '--job-id', '12', '--raw', '--subdir', 'DAGS_FOLDER/climate_data.py', '--cfg-path', '/tmp/tmpohbnts0s']
[2023-04-29T15:45:14.126-0300] {standard_task_runner.py:83} INFO - Job 12: Subtask mkdir
[2023-04-29T15:45:14.157-0300] {task_command.py:388} INFO - Running <TaskInstance: climate_dag.mkdir scheduled__2023-04-10T00:00:00+00:00 [running]> on host nicholas10-ThinkPad-E14-Gen-3
[2023-04-29T15:45:14.190-0300] {taskinstance.py:1509} INFO - Exporting the following env vars:
AIRFLOW_CTX_DAG_OWNER=airflow
AIRFLOW_CTX_DAG_ID=climate_dag
AIRFLOW_CTX_TASK_ID=mkdir
AIRFLOW_CTX_EXECUTION_DATE=2023-04-10T00:00:00+00:00
AIRFLOW_CTX_TRY_NUMBER=1
AIRFLOW_CTX_DAG_RUN_ID=scheduled__2023-04-10T00:00:00+00:00
[2023-04-29T15:45:14.191-0300] {subprocess.py:63} INFO - Tmp dir root location: 
 /tmp
[2023-04-29T15:45:14.191-0300] {subprocess.py:75} INFO - Running command: ['/usr/bin/bash', '-c', 'mkdir -p "/home/nicholas10/airflow/week=2023-04-17"']
[2023-04-29T15:45:14.200-0300] {subprocess.py:86} INFO - Output:
[2023-04-29T15:45:14.201-0300] {subprocess.py:97} INFO - Command exited with return code 0
[2023-04-29T15:45:14.213-0300] {taskinstance.py:1321} INFO - Marking task as SUCCESS. dag_id=climate_dag, task_id=mkdir, execution_date=20230410T000000, start_date=20230429T184514, end_date=20230429T184514
[2023-04-29T15:45:14.257-0300] {local_task_job.py:212} INFO - Task exited with return code 0
[2023-04-29T15:45:14.268-0300] {taskinstance.py:2585} INFO - 1 downstream tasks scheduled from follow-on schedule check
[2023-04-29T15:50:25.377-0300] {taskinstance.py:1084} INFO - Dependencies all met for dep_context=non-requeueable deps ti=<TaskInstance: climate_dag.mkdir scheduled__2023-04-10T00:00:00+00:00 [queued]>
[2023-04-29T15:50:25.382-0300] {taskinstance.py:1084} INFO - Dependencies all met for dep_context=requeueable deps ti=<TaskInstance: climate_dag.mkdir scheduled__2023-04-10T00:00:00+00:00 [queued]>
[2023-04-29T15:50:25.382-0300] {taskinstance.py:1282} INFO - 
--------------------------------------------------------------------------------
[2023-04-29T15:50:25.382-0300] {taskinstance.py:1283} INFO - Starting attempt 1 of 1
[2023-04-29T15:50:25.382-0300] {taskinstance.py:1284} INFO - 
--------------------------------------------------------------------------------
[2023-04-29T15:50:25.391-0300] {taskinstance.py:1303} INFO - Executing <Task(BashOperator): mkdir> on 2023-04-10 00:00:00+00:00
[2023-04-29T15:50:25.395-0300] {standard_task_runner.py:55} INFO - Started process 22437 to run task
[2023-04-29T15:50:25.397-0300] {standard_task_runner.py:82} INFO - Running: ['airflow', 'tasks', 'run', 'climate_dag', 'mkdir', 'scheduled__2023-04-10T00:00:00+00:00', '--job-id', '12', '--raw', '--subdir', 'DAGS_FOLDER/climate_data.py', '--cfg-path', '/tmp/tmp0ucgxv0z']
[2023-04-29T15:50:25.398-0300] {standard_task_runner.py:83} INFO - Job 12: Subtask mkdir
[2023-04-29T15:50:25.430-0300] {task_command.py:388} INFO - Running <TaskInstance: climate_dag.mkdir scheduled__2023-04-10T00:00:00+00:00 [running]> on host nicholas10-ThinkPad-E14-Gen-3
[2023-04-29T15:50:25.464-0300] {taskinstance.py:1509} INFO - Exporting the following env vars:
AIRFLOW_CTX_DAG_OWNER=airflow
AIRFLOW_CTX_DAG_ID=climate_dag
AIRFLOW_CTX_TASK_ID=mkdir
AIRFLOW_CTX_EXECUTION_DATE=2023-04-10T00:00:00+00:00
AIRFLOW_CTX_TRY_NUMBER=1
AIRFLOW_CTX_DAG_RUN_ID=scheduled__2023-04-10T00:00:00+00:00
[2023-04-29T15:50:25.465-0300] {subprocess.py:63} INFO - Tmp dir root location: 
 /tmp
[2023-04-29T15:50:25.465-0300] {subprocess.py:75} INFO - Running command: ['/usr/bin/bash', '-c', 'mkdir -p "/home/nicholas10/airflow/week=2023-04-17"']
[2023-04-29T15:50:25.473-0300] {subprocess.py:86} INFO - Output:
[2023-04-29T15:50:25.475-0300] {subprocess.py:97} INFO - Command exited with return code 0
[2023-04-29T15:50:25.486-0300] {taskinstance.py:1321} INFO - Marking task as SUCCESS. dag_id=climate_dag, task_id=mkdir, execution_date=20230410T000000, start_date=20230429T185025, end_date=20230429T185025
[2023-04-29T15:50:25.529-0300] {local_task_job.py:212} INFO - Task exited with return code 0
[2023-04-29T15:50:25.540-0300] {taskinstance.py:2585} INFO - 1 downstream tasks scheduled from follow-on schedule check
