[2023-04-29T14:19:44.269-0300] {taskinstance.py:1084} INFO - Dependencies all met for dep_context=non-requeueable deps ti=<TaskInstance: train.func scheduled__2023-04-28T00:00:00+00:00 [queued]>
[2023-04-29T14:19:44.275-0300] {taskinstance.py:1084} INFO - Dependencies all met for dep_context=requeueable deps ti=<TaskInstance: train.func scheduled__2023-04-28T00:00:00+00:00 [queued]>
[2023-04-29T14:19:44.276-0300] {taskinstance.py:1282} INFO - 
--------------------------------------------------------------------------------
[2023-04-29T14:19:44.276-0300] {taskinstance.py:1283} INFO - Starting attempt 1 of 1
[2023-04-29T14:19:44.276-0300] {taskinstance.py:1284} INFO - 
--------------------------------------------------------------------------------
[2023-04-29T14:19:44.291-0300] {taskinstance.py:1303} INFO - Executing <Task(PythonOperator): func> on 2023-04-28 00:00:00+00:00
[2023-04-29T14:19:44.294-0300] {standard_task_runner.py:55} INFO - Started process 12817 to run task
[2023-04-29T14:19:44.298-0300] {standard_task_runner.py:82} INFO - Running: ['airflow', 'tasks', 'run', 'train', 'func', 'scheduled__2023-04-28T00:00:00+00:00', '--job-id', '8', '--raw', '--subdir', 'DAGS_FOLDER/training.py', '--cfg-path', '/tmp/tmpm494e9my']
[2023-04-29T14:19:44.299-0300] {standard_task_runner.py:83} INFO - Job 8: Subtask func
[2023-04-29T14:19:44.337-0300] {task_command.py:388} INFO - Running <TaskInstance: train.func scheduled__2023-04-28T00:00:00+00:00 [running]> on host nicholas10-ThinkPad-E14-Gen-3
[2023-04-29T14:19:44.375-0300] {taskinstance.py:1509} INFO - Exporting the following env vars:
AIRFLOW_CTX_DAG_OWNER=airflow
AIRFLOW_CTX_DAG_ID=train
AIRFLOW_CTX_TASK_ID=func
AIRFLOW_CTX_EXECUTION_DATE=2023-04-28T00:00:00+00:00
AIRFLOW_CTX_TRY_NUMBER=1
AIRFLOW_CTX_DAG_RUN_ID=scheduled__2023-04-28T00:00:00+00:00
[2023-04-29T14:19:44.376-0300] {logging_mixin.py:137} INFO - Boas-vindas ao Airflow!
[2023-04-29T14:19:44.376-0300] {python.py:177} INFO - Done. Returned value was: None
[2023-04-29T14:19:44.379-0300] {taskinstance.py:1321} INFO - Marking task as SUCCESS. dag_id=train, task_id=func, execution_date=20230428T000000, start_date=20230429T171944, end_date=20230429T171944
[2023-04-29T14:19:44.429-0300] {local_task_job.py:212} INFO - Task exited with return code 0
[2023-04-29T14:19:44.439-0300] {taskinstance.py:2585} INFO - 0 downstream tasks scheduled from follow-on schedule check
