[2023-04-29T15:35:18.175-0300] {taskinstance.py:1084} INFO - Dependencies all met for dep_context=non-requeueable deps ti=<TaskInstance: climate_dag.mkdir scheduled__2023-03-27T00:00:00+00:00 [queued]>
[2023-04-29T15:35:18.182-0300] {taskinstance.py:1084} INFO - Dependencies all met for dep_context=requeueable deps ti=<TaskInstance: climate_dag.mkdir scheduled__2023-03-27T00:00:00+00:00 [queued]>
[2023-04-29T15:35:18.182-0300] {taskinstance.py:1282} INFO - 
--------------------------------------------------------------------------------
[2023-04-29T15:35:18.182-0300] {taskinstance.py:1283} INFO - Starting attempt 1 of 1
[2023-04-29T15:35:18.182-0300] {taskinstance.py:1284} INFO - 
--------------------------------------------------------------------------------
[2023-04-29T15:35:18.192-0300] {taskinstance.py:1303} INFO - Executing <Task(BashOperator): mkdir> on 2023-03-27 00:00:00+00:00
[2023-04-29T15:35:18.195-0300] {standard_task_runner.py:55} INFO - Started process 20689 to run task
[2023-04-29T15:35:18.198-0300] {standard_task_runner.py:82} INFO - Running: ['airflow', 'tasks', 'run', 'climate_dag', 'mkdir', 'scheduled__2023-03-27T00:00:00+00:00', '--job-id', '70', '--raw', '--subdir', 'DAGS_FOLDER/climate_data.py', '--cfg-path', '/tmp/tmps3gp97lv']
[2023-04-29T15:35:18.200-0300] {standard_task_runner.py:83} INFO - Job 70: Subtask mkdir
[2023-04-29T15:35:18.232-0300] {task_command.py:388} INFO - Running <TaskInstance: climate_dag.mkdir scheduled__2023-03-27T00:00:00+00:00 [running]> on host nicholas10-ThinkPad-E14-Gen-3
[2023-04-29T15:35:18.271-0300] {taskinstance.py:1509} INFO - Exporting the following env vars:
AIRFLOW_CTX_DAG_OWNER=airflow
AIRFLOW_CTX_DAG_ID=climate_dag
AIRFLOW_CTX_TASK_ID=mkdir
AIRFLOW_CTX_EXECUTION_DATE=2023-03-27T00:00:00+00:00
AIRFLOW_CTX_TRY_NUMBER=1
AIRFLOW_CTX_DAG_RUN_ID=scheduled__2023-03-27T00:00:00+00:00
[2023-04-29T15:35:18.272-0300] {subprocess.py:63} INFO - Tmp dir root location: 
 /tmp
[2023-04-29T15:35:18.272-0300] {subprocess.py:75} INFO - Running command: ['/usr/bin/bash', '-c', 'mkdir -p "/home/nicholas10/airflow/week=2023-04-03"']
[2023-04-29T15:35:18.281-0300] {subprocess.py:86} INFO - Output:
[2023-04-29T15:35:18.282-0300] {subprocess.py:97} INFO - Command exited with return code 0
[2023-04-29T15:35:18.295-0300] {taskinstance.py:1321} INFO - Marking task as SUCCESS. dag_id=climate_dag, task_id=mkdir, execution_date=20230327T000000, start_date=20230429T183518, end_date=20230429T183518
[2023-04-29T15:35:18.330-0300] {local_task_job.py:212} INFO - Task exited with return code 0
[2023-04-29T15:35:18.343-0300] {taskinstance.py:2585} INFO - 1 downstream tasks scheduled from follow-on schedule check
[2023-04-29T15:39:23.375-0300] {taskinstance.py:1084} INFO - Dependencies all met for dep_context=non-requeueable deps ti=<TaskInstance: climate_dag.mkdir scheduled__2023-03-27T00:00:00+00:00 [queued]>
[2023-04-29T15:39:23.380-0300] {taskinstance.py:1084} INFO - Dependencies all met for dep_context=requeueable deps ti=<TaskInstance: climate_dag.mkdir scheduled__2023-03-27T00:00:00+00:00 [queued]>
[2023-04-29T15:39:23.380-0300] {taskinstance.py:1282} INFO - 
--------------------------------------------------------------------------------
[2023-04-29T15:39:23.380-0300] {taskinstance.py:1283} INFO - Starting attempt 1 of 1
[2023-04-29T15:39:23.380-0300] {taskinstance.py:1284} INFO - 
--------------------------------------------------------------------------------
[2023-04-29T15:39:23.390-0300] {taskinstance.py:1303} INFO - Executing <Task(BashOperator): mkdir> on 2023-03-27 00:00:00+00:00
[2023-04-29T15:39:23.392-0300] {standard_task_runner.py:55} INFO - Started process 21241 to run task
[2023-04-29T15:39:23.396-0300] {standard_task_runner.py:82} INFO - Running: ['airflow', 'tasks', 'run', 'climate_dag', 'mkdir', 'scheduled__2023-03-27T00:00:00+00:00', '--job-id', '9', '--raw', '--subdir', 'DAGS_FOLDER/climate_data.py', '--cfg-path', '/tmp/tmp44c_df_m']
[2023-04-29T15:39:23.397-0300] {standard_task_runner.py:83} INFO - Job 9: Subtask mkdir
[2023-04-29T15:39:23.428-0300] {task_command.py:388} INFO - Running <TaskInstance: climate_dag.mkdir scheduled__2023-03-27T00:00:00+00:00 [running]> on host nicholas10-ThinkPad-E14-Gen-3
[2023-04-29T15:39:23.462-0300] {taskinstance.py:1509} INFO - Exporting the following env vars:
AIRFLOW_CTX_DAG_OWNER=airflow
AIRFLOW_CTX_DAG_ID=climate_dag
AIRFLOW_CTX_TASK_ID=mkdir
AIRFLOW_CTX_EXECUTION_DATE=2023-03-27T00:00:00+00:00
AIRFLOW_CTX_TRY_NUMBER=1
AIRFLOW_CTX_DAG_RUN_ID=scheduled__2023-03-27T00:00:00+00:00
[2023-04-29T15:39:23.463-0300] {subprocess.py:63} INFO - Tmp dir root location: 
 /tmp
[2023-04-29T15:39:23.464-0300] {subprocess.py:75} INFO - Running command: ['/usr/bin/bash', '-c', 'mkdir -p "/home/nicholas10/airflow/week=2023-04-03"']
[2023-04-29T15:39:23.473-0300] {subprocess.py:86} INFO - Output:
[2023-04-29T15:39:23.474-0300] {subprocess.py:97} INFO - Command exited with return code 0
[2023-04-29T15:39:23.486-0300] {taskinstance.py:1321} INFO - Marking task as SUCCESS. dag_id=climate_dag, task_id=mkdir, execution_date=20230327T000000, start_date=20230429T183923, end_date=20230429T183923
[2023-04-29T15:39:23.527-0300] {local_task_job.py:212} INFO - Task exited with return code 0
[2023-04-29T15:39:23.538-0300] {taskinstance.py:2585} INFO - 1 downstream tasks scheduled from follow-on schedule check
[2023-04-29T15:45:07.651-0300] {taskinstance.py:1084} INFO - Dependencies all met for dep_context=non-requeueable deps ti=<TaskInstance: climate_dag.mkdir scheduled__2023-03-27T00:00:00+00:00 [queued]>
[2023-04-29T15:45:07.655-0300] {taskinstance.py:1084} INFO - Dependencies all met for dep_context=requeueable deps ti=<TaskInstance: climate_dag.mkdir scheduled__2023-03-27T00:00:00+00:00 [queued]>
[2023-04-29T15:45:07.656-0300] {taskinstance.py:1282} INFO - 
--------------------------------------------------------------------------------
[2023-04-29T15:45:07.656-0300] {taskinstance.py:1283} INFO - Starting attempt 1 of 1
[2023-04-29T15:45:07.656-0300] {taskinstance.py:1284} INFO - 
--------------------------------------------------------------------------------
[2023-04-29T15:45:07.666-0300] {taskinstance.py:1303} INFO - Executing <Task(BashOperator): mkdir> on 2023-03-27 00:00:00+00:00
[2023-04-29T15:45:07.669-0300] {standard_task_runner.py:55} INFO - Started process 21803 to run task
[2023-04-29T15:45:07.672-0300] {standard_task_runner.py:82} INFO - Running: ['airflow', 'tasks', 'run', 'climate_dag', 'mkdir', 'scheduled__2023-03-27T00:00:00+00:00', '--job-id', '9', '--raw', '--subdir', 'DAGS_FOLDER/climate_data.py', '--cfg-path', '/tmp/tmplkoa7coe']
[2023-04-29T15:45:07.673-0300] {standard_task_runner.py:83} INFO - Job 9: Subtask mkdir
[2023-04-29T15:45:07.704-0300] {task_command.py:388} INFO - Running <TaskInstance: climate_dag.mkdir scheduled__2023-03-27T00:00:00+00:00 [running]> on host nicholas10-ThinkPad-E14-Gen-3
[2023-04-29T15:45:07.737-0300] {taskinstance.py:1509} INFO - Exporting the following env vars:
AIRFLOW_CTX_DAG_OWNER=airflow
AIRFLOW_CTX_DAG_ID=climate_dag
AIRFLOW_CTX_TASK_ID=mkdir
AIRFLOW_CTX_EXECUTION_DATE=2023-03-27T00:00:00+00:00
AIRFLOW_CTX_TRY_NUMBER=1
AIRFLOW_CTX_DAG_RUN_ID=scheduled__2023-03-27T00:00:00+00:00
[2023-04-29T15:45:07.738-0300] {subprocess.py:63} INFO - Tmp dir root location: 
 /tmp
[2023-04-29T15:45:07.739-0300] {subprocess.py:75} INFO - Running command: ['/usr/bin/bash', '-c', 'mkdir -p "/home/nicholas10/airflow/week=2023-04-03"']
[2023-04-29T15:45:07.747-0300] {subprocess.py:86} INFO - Output:
[2023-04-29T15:45:07.748-0300] {subprocess.py:97} INFO - Command exited with return code 0
[2023-04-29T15:45:07.760-0300] {taskinstance.py:1321} INFO - Marking task as SUCCESS. dag_id=climate_dag, task_id=mkdir, execution_date=20230327T000000, start_date=20230429T184507, end_date=20230429T184507
[2023-04-29T15:45:07.803-0300] {local_task_job.py:212} INFO - Task exited with return code 0
[2023-04-29T15:45:07.813-0300] {taskinstance.py:2585} INFO - 1 downstream tasks scheduled from follow-on schedule check
[2023-04-29T15:50:16.468-0300] {taskinstance.py:1084} INFO - Dependencies all met for dep_context=non-requeueable deps ti=<TaskInstance: climate_dag.mkdir scheduled__2023-03-27T00:00:00+00:00 [queued]>
[2023-04-29T15:50:16.472-0300] {taskinstance.py:1084} INFO - Dependencies all met for dep_context=requeueable deps ti=<TaskInstance: climate_dag.mkdir scheduled__2023-03-27T00:00:00+00:00 [queued]>
[2023-04-29T15:50:16.472-0300] {taskinstance.py:1282} INFO - 
--------------------------------------------------------------------------------
[2023-04-29T15:50:16.473-0300] {taskinstance.py:1283} INFO - Starting attempt 1 of 1
[2023-04-29T15:50:16.473-0300] {taskinstance.py:1284} INFO - 
--------------------------------------------------------------------------------
[2023-04-29T15:50:16.482-0300] {taskinstance.py:1303} INFO - Executing <Task(BashOperator): mkdir> on 2023-03-27 00:00:00+00:00
[2023-04-29T15:50:16.485-0300] {standard_task_runner.py:55} INFO - Started process 22406 to run task
[2023-04-29T15:50:16.488-0300] {standard_task_runner.py:82} INFO - Running: ['airflow', 'tasks', 'run', 'climate_dag', 'mkdir', 'scheduled__2023-03-27T00:00:00+00:00', '--job-id', '9', '--raw', '--subdir', 'DAGS_FOLDER/climate_data.py', '--cfg-path', '/tmp/tmpbfb9vaw4']
[2023-04-29T15:50:16.488-0300] {standard_task_runner.py:83} INFO - Job 9: Subtask mkdir
[2023-04-29T15:50:16.520-0300] {task_command.py:388} INFO - Running <TaskInstance: climate_dag.mkdir scheduled__2023-03-27T00:00:00+00:00 [running]> on host nicholas10-ThinkPad-E14-Gen-3
[2023-04-29T15:50:16.552-0300] {taskinstance.py:1509} INFO - Exporting the following env vars:
AIRFLOW_CTX_DAG_OWNER=airflow
AIRFLOW_CTX_DAG_ID=climate_dag
AIRFLOW_CTX_TASK_ID=mkdir
AIRFLOW_CTX_EXECUTION_DATE=2023-03-27T00:00:00+00:00
AIRFLOW_CTX_TRY_NUMBER=1
AIRFLOW_CTX_DAG_RUN_ID=scheduled__2023-03-27T00:00:00+00:00
[2023-04-29T15:50:16.553-0300] {subprocess.py:63} INFO - Tmp dir root location: 
 /tmp
[2023-04-29T15:50:16.553-0300] {subprocess.py:75} INFO - Running command: ['/usr/bin/bash', '-c', 'mkdir -p "/home/nicholas10/airflow/week=2023-04-03"']
[2023-04-29T15:50:16.563-0300] {subprocess.py:86} INFO - Output:
[2023-04-29T15:50:16.565-0300] {subprocess.py:97} INFO - Command exited with return code 0
[2023-04-29T15:50:16.576-0300] {taskinstance.py:1321} INFO - Marking task as SUCCESS. dag_id=climate_dag, task_id=mkdir, execution_date=20230327T000000, start_date=20230429T185016, end_date=20230429T185016
[2023-04-29T15:50:16.620-0300] {local_task_job.py:212} INFO - Task exited with return code 0
[2023-04-29T15:50:16.632-0300] {taskinstance.py:2585} INFO - 1 downstream tasks scheduled from follow-on schedule check
