[2023-04-29T15:34:34.856-0300] {taskinstance.py:1084} INFO - Dependencies all met for dep_context=non-requeueable deps ti=<TaskInstance: climate_dag.mkdir scheduled__2023-01-16T00:00:00+00:00 [queued]>
[2023-04-29T15:34:34.860-0300] {taskinstance.py:1084} INFO - Dependencies all met for dep_context=requeueable deps ti=<TaskInstance: climate_dag.mkdir scheduled__2023-01-16T00:00:00+00:00 [queued]>
[2023-04-29T15:34:34.860-0300] {taskinstance.py:1282} INFO - 
--------------------------------------------------------------------------------
[2023-04-29T15:34:34.861-0300] {taskinstance.py:1283} INFO - Starting attempt 1 of 1
[2023-04-29T15:34:34.861-0300] {taskinstance.py:1284} INFO - 
--------------------------------------------------------------------------------
[2023-04-29T15:34:34.871-0300] {taskinstance.py:1303} INFO - Executing <Task(BashOperator): mkdir> on 2023-01-16 00:00:00+00:00
[2023-04-29T15:34:34.874-0300] {standard_task_runner.py:55} INFO - Started process 20481 to run task
[2023-04-29T15:34:34.877-0300] {standard_task_runner.py:82} INFO - Running: ['airflow', 'tasks', 'run', 'climate_dag', 'mkdir', 'scheduled__2023-01-16T00:00:00+00:00', '--job-id', '51', '--raw', '--subdir', 'DAGS_FOLDER/climate_data.py', '--cfg-path', '/tmp/tmpt7pr3ln1']
[2023-04-29T15:34:34.878-0300] {standard_task_runner.py:83} INFO - Job 51: Subtask mkdir
[2023-04-29T15:34:34.908-0300] {task_command.py:388} INFO - Running <TaskInstance: climate_dag.mkdir scheduled__2023-01-16T00:00:00+00:00 [running]> on host nicholas10-ThinkPad-E14-Gen-3
[2023-04-29T15:34:34.943-0300] {taskinstance.py:1509} INFO - Exporting the following env vars:
AIRFLOW_CTX_DAG_OWNER=airflow
AIRFLOW_CTX_DAG_ID=climate_dag
AIRFLOW_CTX_TASK_ID=mkdir
AIRFLOW_CTX_EXECUTION_DATE=2023-01-16T00:00:00+00:00
AIRFLOW_CTX_TRY_NUMBER=1
AIRFLOW_CTX_DAG_RUN_ID=scheduled__2023-01-16T00:00:00+00:00
[2023-04-29T15:34:34.944-0300] {subprocess.py:63} INFO - Tmp dir root location: 
 /tmp
[2023-04-29T15:34:34.945-0300] {subprocess.py:75} INFO - Running command: ['/usr/bin/bash', '-c', 'mkdir -p "/home/nicholas10/airflow/week=2023-01-23"']
[2023-04-29T15:34:34.953-0300] {subprocess.py:86} INFO - Output:
[2023-04-29T15:34:34.954-0300] {subprocess.py:97} INFO - Command exited with return code 0
[2023-04-29T15:34:34.966-0300] {taskinstance.py:1321} INFO - Marking task as SUCCESS. dag_id=climate_dag, task_id=mkdir, execution_date=20230116T000000, start_date=20230429T183434, end_date=20230429T183434
[2023-04-29T15:34:35.009-0300] {local_task_job.py:212} INFO - Task exited with return code 0
[2023-04-29T15:34:35.021-0300] {taskinstance.py:2585} INFO - 1 downstream tasks scheduled from follow-on schedule check
