[2023-04-29T15:33:18.931-0300] {taskinstance.py:1084} INFO - Dependencies all met for dep_context=non-requeueable deps ti=<TaskInstance: climate_dag.mkdir scheduled__2022-09-26T00:00:00+00:00 [queued]>
[2023-04-29T15:33:18.937-0300] {taskinstance.py:1084} INFO - Dependencies all met for dep_context=requeueable deps ti=<TaskInstance: climate_dag.mkdir scheduled__2022-09-26T00:00:00+00:00 [queued]>
[2023-04-29T15:33:18.937-0300] {taskinstance.py:1282} INFO - 
--------------------------------------------------------------------------------
[2023-04-29T15:33:18.938-0300] {taskinstance.py:1283} INFO - Starting attempt 1 of 1
[2023-04-29T15:33:18.938-0300] {taskinstance.py:1284} INFO - 
--------------------------------------------------------------------------------
[2023-04-29T15:33:18.946-0300] {taskinstance.py:1303} INFO - Executing <Task(BashOperator): mkdir> on 2022-09-26 00:00:00+00:00
[2023-04-29T15:33:18.950-0300] {standard_task_runner.py:55} INFO - Started process 20110 to run task
[2023-04-29T15:33:18.953-0300] {standard_task_runner.py:82} INFO - Running: ['airflow', 'tasks', 'run', 'climate_dag', 'mkdir', 'scheduled__2022-09-26T00:00:00+00:00', '--job-id', '18', '--raw', '--subdir', 'DAGS_FOLDER/climate_data.py', '--cfg-path', '/tmp/tmpjyiytjz8']
[2023-04-29T15:33:18.955-0300] {standard_task_runner.py:83} INFO - Job 18: Subtask mkdir
[2023-04-29T15:33:18.986-0300] {task_command.py:388} INFO - Running <TaskInstance: climate_dag.mkdir scheduled__2022-09-26T00:00:00+00:00 [running]> on host nicholas10-ThinkPad-E14-Gen-3
[2023-04-29T15:33:19.021-0300] {taskinstance.py:1509} INFO - Exporting the following env vars:
AIRFLOW_CTX_DAG_OWNER=airflow
AIRFLOW_CTX_DAG_ID=climate_dag
AIRFLOW_CTX_TASK_ID=mkdir
AIRFLOW_CTX_EXECUTION_DATE=2022-09-26T00:00:00+00:00
AIRFLOW_CTX_TRY_NUMBER=1
AIRFLOW_CTX_DAG_RUN_ID=scheduled__2022-09-26T00:00:00+00:00
[2023-04-29T15:33:19.022-0300] {subprocess.py:63} INFO - Tmp dir root location: 
 /tmp
[2023-04-29T15:33:19.022-0300] {subprocess.py:75} INFO - Running command: ['/usr/bin/bash', '-c', 'mkdir -p "/home/nicholas10/airflow/week=2022-10-03"']
[2023-04-29T15:33:19.029-0300] {subprocess.py:86} INFO - Output:
[2023-04-29T15:33:19.031-0300] {subprocess.py:97} INFO - Command exited with return code 0
[2023-04-29T15:33:19.044-0300] {taskinstance.py:1321} INFO - Marking task as SUCCESS. dag_id=climate_dag, task_id=mkdir, execution_date=20220926T000000, start_date=20230429T183318, end_date=20230429T183319
[2023-04-29T15:33:19.085-0300] {local_task_job.py:212} INFO - Task exited with return code 0
[2023-04-29T15:33:19.095-0300] {taskinstance.py:2585} INFO - 1 downstream tasks scheduled from follow-on schedule check
