[2023-04-29T15:35:22.293-0300] {taskinstance.py:1084} INFO - Dependencies all met for dep_context=non-requeueable deps ti=<TaskInstance: climate_dag.mkdir scheduled__2023-04-03T00:00:00+00:00 [queued]>
[2023-04-29T15:35:22.297-0300] {taskinstance.py:1084} INFO - Dependencies all met for dep_context=requeueable deps ti=<TaskInstance: climate_dag.mkdir scheduled__2023-04-03T00:00:00+00:00 [queued]>
[2023-04-29T15:35:22.298-0300] {taskinstance.py:1282} INFO - 
--------------------------------------------------------------------------------
[2023-04-29T15:35:22.298-0300] {taskinstance.py:1283} INFO - Starting attempt 1 of 1
[2023-04-29T15:35:22.298-0300] {taskinstance.py:1284} INFO - 
--------------------------------------------------------------------------------
[2023-04-29T15:35:22.307-0300] {taskinstance.py:1303} INFO - Executing <Task(BashOperator): mkdir> on 2023-04-03 00:00:00+00:00
[2023-04-29T15:35:22.310-0300] {standard_task_runner.py:55} INFO - Started process 20709 to run task
[2023-04-29T15:35:22.313-0300] {standard_task_runner.py:82} INFO - Running: ['airflow', 'tasks', 'run', 'climate_dag', 'mkdir', 'scheduled__2023-04-03T00:00:00+00:00', '--job-id', '72', '--raw', '--subdir', 'DAGS_FOLDER/climate_data.py', '--cfg-path', '/tmp/tmpdr9e85nx']
[2023-04-29T15:35:22.314-0300] {standard_task_runner.py:83} INFO - Job 72: Subtask mkdir
[2023-04-29T15:35:22.344-0300] {task_command.py:388} INFO - Running <TaskInstance: climate_dag.mkdir scheduled__2023-04-03T00:00:00+00:00 [running]> on host nicholas10-ThinkPad-E14-Gen-3
[2023-04-29T15:35:22.379-0300] {taskinstance.py:1509} INFO - Exporting the following env vars:
AIRFLOW_CTX_DAG_OWNER=airflow
AIRFLOW_CTX_DAG_ID=climate_dag
AIRFLOW_CTX_TASK_ID=mkdir
AIRFLOW_CTX_EXECUTION_DATE=2023-04-03T00:00:00+00:00
AIRFLOW_CTX_TRY_NUMBER=1
AIRFLOW_CTX_DAG_RUN_ID=scheduled__2023-04-03T00:00:00+00:00
[2023-04-29T15:35:22.379-0300] {subprocess.py:63} INFO - Tmp dir root location: 
 /tmp
[2023-04-29T15:35:22.380-0300] {subprocess.py:75} INFO - Running command: ['/usr/bin/bash', '-c', 'mkdir -p "/home/nicholas10/airflow/week=2023-04-10"']
[2023-04-29T15:35:22.387-0300] {subprocess.py:86} INFO - Output:
[2023-04-29T15:35:22.389-0300] {subprocess.py:97} INFO - Command exited with return code 0
[2023-04-29T15:35:22.400-0300] {taskinstance.py:1321} INFO - Marking task as SUCCESS. dag_id=climate_dag, task_id=mkdir, execution_date=20230403T000000, start_date=20230429T183522, end_date=20230429T183522
[2023-04-29T15:35:22.445-0300] {local_task_job.py:212} INFO - Task exited with return code 0
[2023-04-29T15:35:22.455-0300] {taskinstance.py:2585} INFO - 1 downstream tasks scheduled from follow-on schedule check
[2023-04-29T15:39:25.665-0300] {taskinstance.py:1084} INFO - Dependencies all met for dep_context=non-requeueable deps ti=<TaskInstance: climate_dag.mkdir scheduled__2023-04-03T00:00:00+00:00 [queued]>
[2023-04-29T15:39:25.671-0300] {taskinstance.py:1084} INFO - Dependencies all met for dep_context=requeueable deps ti=<TaskInstance: climate_dag.mkdir scheduled__2023-04-03T00:00:00+00:00 [queued]>
[2023-04-29T15:39:25.671-0300] {taskinstance.py:1282} INFO - 
--------------------------------------------------------------------------------
[2023-04-29T15:39:25.671-0300] {taskinstance.py:1283} INFO - Starting attempt 1 of 1
[2023-04-29T15:39:25.671-0300] {taskinstance.py:1284} INFO - 
--------------------------------------------------------------------------------
[2023-04-29T15:39:25.679-0300] {taskinstance.py:1303} INFO - Executing <Task(BashOperator): mkdir> on 2023-04-03 00:00:00+00:00
[2023-04-29T15:39:25.683-0300] {standard_task_runner.py:55} INFO - Started process 21252 to run task
[2023-04-29T15:39:25.686-0300] {standard_task_runner.py:82} INFO - Running: ['airflow', 'tasks', 'run', 'climate_dag', 'mkdir', 'scheduled__2023-04-03T00:00:00+00:00', '--job-id', '10', '--raw', '--subdir', 'DAGS_FOLDER/climate_data.py', '--cfg-path', '/tmp/tmpuzdyczj3']
[2023-04-29T15:39:25.687-0300] {standard_task_runner.py:83} INFO - Job 10: Subtask mkdir
[2023-04-29T15:39:25.716-0300] {task_command.py:388} INFO - Running <TaskInstance: climate_dag.mkdir scheduled__2023-04-03T00:00:00+00:00 [running]> on host nicholas10-ThinkPad-E14-Gen-3
[2023-04-29T15:39:25.752-0300] {taskinstance.py:1509} INFO - Exporting the following env vars:
AIRFLOW_CTX_DAG_OWNER=airflow
AIRFLOW_CTX_DAG_ID=climate_dag
AIRFLOW_CTX_TASK_ID=mkdir
AIRFLOW_CTX_EXECUTION_DATE=2023-04-03T00:00:00+00:00
AIRFLOW_CTX_TRY_NUMBER=1
AIRFLOW_CTX_DAG_RUN_ID=scheduled__2023-04-03T00:00:00+00:00
[2023-04-29T15:39:25.753-0300] {subprocess.py:63} INFO - Tmp dir root location: 
 /tmp
[2023-04-29T15:39:25.753-0300] {subprocess.py:75} INFO - Running command: ['/usr/bin/bash', '-c', 'mkdir -p "/home/nicholas10/airflow/week=2023-04-10"']
[2023-04-29T15:39:25.761-0300] {subprocess.py:86} INFO - Output:
[2023-04-29T15:39:25.762-0300] {subprocess.py:97} INFO - Command exited with return code 0
[2023-04-29T15:39:25.775-0300] {taskinstance.py:1321} INFO - Marking task as SUCCESS. dag_id=climate_dag, task_id=mkdir, execution_date=20230403T000000, start_date=20230429T183925, end_date=20230429T183925
[2023-04-29T15:39:25.817-0300] {local_task_job.py:212} INFO - Task exited with return code 0
[2023-04-29T15:39:25.828-0300] {taskinstance.py:2585} INFO - 1 downstream tasks scheduled from follow-on schedule check
[2023-04-29T15:45:09.864-0300] {taskinstance.py:1084} INFO - Dependencies all met for dep_context=non-requeueable deps ti=<TaskInstance: climate_dag.mkdir scheduled__2023-04-03T00:00:00+00:00 [queued]>
[2023-04-29T15:45:09.869-0300] {taskinstance.py:1084} INFO - Dependencies all met for dep_context=requeueable deps ti=<TaskInstance: climate_dag.mkdir scheduled__2023-04-03T00:00:00+00:00 [queued]>
[2023-04-29T15:45:09.869-0300] {taskinstance.py:1282} INFO - 
--------------------------------------------------------------------------------
[2023-04-29T15:45:09.869-0300] {taskinstance.py:1283} INFO - Starting attempt 1 of 1
[2023-04-29T15:45:09.869-0300] {taskinstance.py:1284} INFO - 
--------------------------------------------------------------------------------
[2023-04-29T15:45:09.878-0300] {taskinstance.py:1303} INFO - Executing <Task(BashOperator): mkdir> on 2023-04-03 00:00:00+00:00
[2023-04-29T15:45:09.881-0300] {standard_task_runner.py:55} INFO - Started process 21814 to run task
[2023-04-29T15:45:09.884-0300] {standard_task_runner.py:82} INFO - Running: ['airflow', 'tasks', 'run', 'climate_dag', 'mkdir', 'scheduled__2023-04-03T00:00:00+00:00', '--job-id', '10', '--raw', '--subdir', 'DAGS_FOLDER/climate_data.py', '--cfg-path', '/tmp/tmp3acgrq6t']
[2023-04-29T15:45:09.885-0300] {standard_task_runner.py:83} INFO - Job 10: Subtask mkdir
[2023-04-29T15:45:09.915-0300] {task_command.py:388} INFO - Running <TaskInstance: climate_dag.mkdir scheduled__2023-04-03T00:00:00+00:00 [running]> on host nicholas10-ThinkPad-E14-Gen-3
[2023-04-29T15:45:09.949-0300] {taskinstance.py:1509} INFO - Exporting the following env vars:
AIRFLOW_CTX_DAG_OWNER=airflow
AIRFLOW_CTX_DAG_ID=climate_dag
AIRFLOW_CTX_TASK_ID=mkdir
AIRFLOW_CTX_EXECUTION_DATE=2023-04-03T00:00:00+00:00
AIRFLOW_CTX_TRY_NUMBER=1
AIRFLOW_CTX_DAG_RUN_ID=scheduled__2023-04-03T00:00:00+00:00
[2023-04-29T15:45:09.950-0300] {subprocess.py:63} INFO - Tmp dir root location: 
 /tmp
[2023-04-29T15:45:09.950-0300] {subprocess.py:75} INFO - Running command: ['/usr/bin/bash', '-c', 'mkdir -p "/home/nicholas10/airflow/week=2023-04-10"']
[2023-04-29T15:45:09.959-0300] {subprocess.py:86} INFO - Output:
[2023-04-29T15:45:09.961-0300] {subprocess.py:97} INFO - Command exited with return code 0
[2023-04-29T15:45:09.972-0300] {taskinstance.py:1321} INFO - Marking task as SUCCESS. dag_id=climate_dag, task_id=mkdir, execution_date=20230403T000000, start_date=20230429T184509, end_date=20230429T184509
[2023-04-29T15:45:10.016-0300] {local_task_job.py:212} INFO - Task exited with return code 0
[2023-04-29T15:45:10.028-0300] {taskinstance.py:2585} INFO - 1 downstream tasks scheduled from follow-on schedule check
[2023-04-29T15:50:18.724-0300] {taskinstance.py:1084} INFO - Dependencies all met for dep_context=non-requeueable deps ti=<TaskInstance: climate_dag.mkdir scheduled__2023-04-03T00:00:00+00:00 [queued]>
[2023-04-29T15:50:18.731-0300] {taskinstance.py:1084} INFO - Dependencies all met for dep_context=requeueable deps ti=<TaskInstance: climate_dag.mkdir scheduled__2023-04-03T00:00:00+00:00 [queued]>
[2023-04-29T15:50:18.731-0300] {taskinstance.py:1282} INFO - 
--------------------------------------------------------------------------------
[2023-04-29T15:50:18.731-0300] {taskinstance.py:1283} INFO - Starting attempt 1 of 1
[2023-04-29T15:50:18.731-0300] {taskinstance.py:1284} INFO - 
--------------------------------------------------------------------------------
[2023-04-29T15:50:18.740-0300] {taskinstance.py:1303} INFO - Executing <Task(BashOperator): mkdir> on 2023-04-03 00:00:00+00:00
[2023-04-29T15:50:18.743-0300] {standard_task_runner.py:55} INFO - Started process 22417 to run task
[2023-04-29T15:50:18.747-0300] {standard_task_runner.py:82} INFO - Running: ['airflow', 'tasks', 'run', 'climate_dag', 'mkdir', 'scheduled__2023-04-03T00:00:00+00:00', '--job-id', '10', '--raw', '--subdir', 'DAGS_FOLDER/climate_data.py', '--cfg-path', '/tmp/tmpmm8re4rw']
[2023-04-29T15:50:18.748-0300] {standard_task_runner.py:83} INFO - Job 10: Subtask mkdir
[2023-04-29T15:50:18.777-0300] {task_command.py:388} INFO - Running <TaskInstance: climate_dag.mkdir scheduled__2023-04-03T00:00:00+00:00 [running]> on host nicholas10-ThinkPad-E14-Gen-3
[2023-04-29T15:50:18.811-0300] {taskinstance.py:1509} INFO - Exporting the following env vars:
AIRFLOW_CTX_DAG_OWNER=airflow
AIRFLOW_CTX_DAG_ID=climate_dag
AIRFLOW_CTX_TASK_ID=mkdir
AIRFLOW_CTX_EXECUTION_DATE=2023-04-03T00:00:00+00:00
AIRFLOW_CTX_TRY_NUMBER=1
AIRFLOW_CTX_DAG_RUN_ID=scheduled__2023-04-03T00:00:00+00:00
[2023-04-29T15:50:18.812-0300] {subprocess.py:63} INFO - Tmp dir root location: 
 /tmp
[2023-04-29T15:50:18.813-0300] {subprocess.py:75} INFO - Running command: ['/usr/bin/bash', '-c', 'mkdir -p "/home/nicholas10/airflow/week=2023-04-10"']
[2023-04-29T15:50:18.821-0300] {subprocess.py:86} INFO - Output:
[2023-04-29T15:50:18.823-0300] {subprocess.py:97} INFO - Command exited with return code 0
[2023-04-29T15:50:18.834-0300] {taskinstance.py:1321} INFO - Marking task as SUCCESS. dag_id=climate_dag, task_id=mkdir, execution_date=20230403T000000, start_date=20230429T185018, end_date=20230429T185018
[2023-04-29T15:50:18.878-0300] {local_task_job.py:212} INFO - Task exited with return code 0
[2023-04-29T15:50:18.888-0300] {taskinstance.py:2585} INFO - 1 downstream tasks scheduled from follow-on schedule check
